0 info it worked if it ends with ok
1 verbose cli [ 'C:\\Program Files\\nodejs\\node.exe',
1 verbose cli   'C:\\Program Files\\nodejs\\node_modules\\npm\\bin\\npm-cli.js',
1 verbose cli   'install' ]
2 info using npm@2.15.1
3 info using node@v4.4.4
4 verbose readDependencies loading dependencies from C:\node-express-angular\package.json
5 verbose install where, deps [ 'C:\\node-express-angular', [ 'bower', 'express' ] ]
6 verbose install where, peers [ 'C:\\node-express-angular', [] ]
7 verbose installManyTop reading for lifecycle C:\node-express-angular\package.json
8 info preinstall node-express-angular@1.0.0
9 verbose installManyTop reading scoped package data from C:\node-express-angular\node_modules\bower\package.json
10 verbose installManyTop reading scoped package data from C:\node-express-angular\node_modules\express\package.json
11 verbose readDependencies loading dependencies from C:\node-express-angular\package.json
12 verbose targetResolver reading package data from C:\node-express-angular\node_modules\bower\package.json
13 verbose targetResolver reading package data from C:\node-express-angular\node_modules\express\package.json
14 verbose targetResolver reading package data from C:\node-express-angular\node_modules\.bin\bower\package.json
15 verbose targetResolver reading package data from C:\node-express-angular\node_modules\.bin\bower.cmd\package.json
16 verbose already installed skipping express@^4.14.0 C:\node-express-angular
17 verbose already installed skipping bower@^1.7.9 C:\node-express-angular
18 silly install resolved []
19 info build C:\node-express-angular
20 info linkStuff node-express-angular@1.0.0
21 silly linkStuff node-express-angular@1.0.0 has C:\ as its parent node_modules
22 verbose linkBins node-express-angular@1.0.0
23 verbose linkMans node-express-angular@1.0.0
24 verbose rebuildBundles node-express-angular@1.0.0
25 verbose rebuildBundles [ '.bin', 'bower', 'express' ]
26 info install node-express-angular@1.0.0
27 info postinstall node-express-angular@1.0.0
28 verbose unsafe-perm in lifecycle true
29 info node-express-angular@1.0.0 Failed to exec postinstall script
30 verbose stack Error: node-express-angular@1.0.0 postinstall: `./node_modules/bower/bin/bower install`
30 verbose stack Exit status 1
30 verbose stack     at EventEmitter.<anonymous> (C:\Program Files\nodejs\node_modules\npm\lib\utils\lifecycle.js:217:16)
30 verbose stack     at emitTwo (events.js:87:13)
30 verbose stack     at EventEmitter.emit (events.js:172:7)
30 verbose stack     at ChildProcess.<anonymous> (C:\Program Files\nodejs\node_modules\npm\lib\utils\spawn.js:24:14)
30 verbose stack     at emitTwo (events.js:87:13)
30 verbose stack     at ChildProcess.emit (events.js:172:7)
30 verbose stack     at maybeClose (internal/child_process.js:827:16)
30 verbose stack     at Process.ChildProcess._handle.onexit (internal/child_process.js:211:5)
31 verbose pkgid node-express-angular@1.0.0
32 verbose cwd C:\node-express-angular
33 error Windows_NT 6.1.7601
34 error argv "C:\\Program Files\\nodejs\\node.exe" "C:\\Program Files\\nodejs\\node_modules\\npm\\bin\\npm-cli.js" "install"
35 error node v4.4.4
36 error npm  v2.15.1
37 error code ELIFECYCLE
38 error node-express-angular@1.0.0 postinstall: `./node_modules/bower/bin/bower install`
38 error Exit status 1
39 error Failed at the node-express-angular@1.0.0 postinstall script './node_modules/bower/bin/bower install'.
39 error This is most likely a problem with the node-express-angular package,
39 error not with npm itself.
39 error Tell the author that this fails on your system:
39 error     ./node_modules/bower/bin/bower install
39 error You can get information on how to open an issue for this project with:
39 error     npm bugs node-express-angular
39 error Or if that isn't available, you can get their info via:
39 error
39 error     npm owner ls node-express-angular
39 error There is likely additional logging output above.
40 verbose exit [ 1, true ]
